2024.05.05 13:43:35 INFO  Started: Metals version 1.3.0 in folders 'G:\Scala\Scala_exericse\CheetSheets' for client Visual Studio Code 1.89.0.
SLF4J: Class path contains multiple SLF4J providers.
SLF4J: Found provider [scribe.slf4j.ScribeServiceProvider@32e14a2b]
SLF4J: Found provider [ch.qos.logback.classic.spi.LogbackServiceProvider@14076ba0]
SLF4J: See https://www.slf4j.org/codes.html#multiple_bindings for an explanation.
SLF4J: Actual provider is of type [scribe.slf4j.ScribeServiceProvider@32e14a2b]
2024.05.05 13:43:35 WARN  Flyway upgrade recommended: H2 2.2.224 is newer than this version of Flyway and support has not been tested. The latest supported version of H2 is 2.2.220.
2024.05.05 13:43:40 INFO  Running List(C:\Users\Pedo\AppData\Local\Coursier\data\bin\scala-cli.BAT, setup-ide, G:\Scala\Scala_exericse\CheetSheets)
2024.05.05 13:43:40 INFO  Attempting to connect to the build server...
2024.05.05 13:43:40 INFO  Running BSP server List(C:\Users\Pedo\AppData\Local\Coursier\data\bin\.scala-cli.aux.exe, bsp, --json-options, G:\Scala\Scala_exericse\CheetSheets\.scala-build\ide-options-v2.json, G:\Scala\Scala_exericse\CheetSheets)
2024.05.05 13:43:40 INFO  tracing is disabled for protocol BSP, to enable tracing of incoming and outgoing JSON messages create an empty file at G:\Scala\Scala_exericse\CheetSheets\.metals\bsp.trace.json or C:\Users\Pedo\AppData\Local\scalameta\metals\cache\bsp.trace.json
2024.05.05 13:43:41 INFO  BSP server: Starting compilation server
2024.05.05 13:43:43 INFO  no build target found for G:\Scala\Scala_exericse\CheetSheets\newProject.scala. Using presentation compiler with project's scala-library version: 3.3.3
2024.05.05 13:43:44 INFO  time: Connected to build server in 4.48s
2024.05.05 13:43:44 INFO  Connected to Build server: scala-cli v1.3.0
2024.05.05 13:43:44 WARN  Could not find semantic tokens for: file:///G:/Scala/Scala_exericse/CheetSheets/newProject.scala
2024.05.05 13:43:45 INFO  compiling cheetsheets_f4dd477a3a (1 scala source)
2024.05.05 13:43:45 WARN  Could not find semantic tokens for: file:///G:/Scala/Scala_exericse/CheetSheets/newProject.scala
2024.05.05 13:43:45 INFO  time: Imported build in 1.27s
2024.05.05 13:43:47 WARN  Could not find semantic tokens for: file:///G:/Scala/Scala_exericse/CheetSheets/newProject.scala
2024.05.05 13:43:48 INFO  time: indexed workspace in 2.38s
2024.05.05 13:43:52 WARN  Could not find semantic tokens for: file:///G:/Scala/Scala_exericse/CheetSheets/newProject.scala
2024.05.05 13:43:52 WARN  Could not find semantic tokens for: file:///G:/Scala/Scala_exericse/CheetSheets/newProject.scala
2024.05.05 13:43:57 WARN  Could not find semantic tokens for: file:///G:/Scala/Scala_exericse/CheetSheets/newProject.scala
2024.05.05 13:43:59 WARN  Could not find semantic tokens for: file:///G:/Scala/Scala_exericse/CheetSheets/newProject.scala
May 05, 2024 1:44:00 PM org.eclipse.lsp4j.jsonrpc.RemoteEndpoint handleCancellation
WARNING: Unmatched cancel notification for request id 112
2024.05.05 13:44:01 WARN  Could not find semantic tokens for: file:///G:/Scala/Scala_exericse/CheetSheets/newProject.scala
2024.05.05 13:44:15 WARN  Could not find semantic tokens for: file:///G:/Scala/Scala_exericse/CheetSheets/newProject.scala
2024.05.05 13:44:16 WARN  Could not find semantic tokens for: file:///G:/Scala/Scala_exericse/CheetSheets/newProject.scala
2024.05.05 13:44:17 WARN  Could not find semantic tokens for: file:///G:/Scala/Scala_exericse/CheetSheets/newProject.scala
2024.05.05 13:44:18 WARN  Could not find semantic tokens for: file:///G:/Scala/Scala_exericse/CheetSheets/newProject.scala
2024.05.05 13:44:18 WARN  Could not find semantic tokens for: file:///G:/Scala/Scala_exericse/CheetSheets/newProject.scala
2024.05.05 13:44:18 WARN  Could not find semantic tokens for: file:///G:/Scala/Scala_exericse/CheetSheets/newProject.scala
2024.05.05 13:44:19 WARN  Could not find semantic tokens for: file:///G:/Scala/Scala_exericse/CheetSheets/newProject.scala
2024.05.05 13:44:20 WARN  Could not find semantic tokens for: file:///G:/Scala/Scala_exericse/CheetSheets/newProject.scala
2024.05.05 13:44:21 WARN  Could not find semantic tokens for: file:///G:/Scala/Scala_exericse/CheetSheets/newProject.scala
2024.05.05 13:44:21 WARN  Could not find semantic tokens for: file:///G:/Scala/Scala_exericse/CheetSheets/newProject.scala
2024.05.05 13:44:22 WARN  Could not find semantic tokens for: file:///G:/Scala/Scala_exericse/CheetSheets/newProject.scala
2024.05.05 13:44:22 WARN  Could not find semantic tokens for: file:///G:/Scala/Scala_exericse/CheetSheets/newProject.scala
2024.05.05 13:44:24 WARN  Could not find semantic tokens for: file:///G:/Scala/Scala_exericse/CheetSheets/newProject.scala
2024.05.05 13:44:25 WARN  Could not find semantic tokens for: file:///G:/Scala/Scala_exericse/CheetSheets/newProject.scala
2024.05.05 13:44:25 WARN  Could not find semantic tokens for: file:///G:/Scala/Scala_exericse/CheetSheets/newProject.scala
2024.05.05 13:44:28 WARN  Could not find semantic tokens for: file:///G:/Scala/Scala_exericse/CheetSheets/newProject.scala
2024.05.05 13:44:28 WARN  Could not find semantic tokens for: file:///G:/Scala/Scala_exericse/CheetSheets/newProject.scala
2024.05.05 13:44:29 WARN  Could not find semantic tokens for: file:///G:/Scala/Scala_exericse/CheetSheets/newProject.scala
2024.05.05 13:44:29 WARN  Could not find semantic tokens for: file:///G:/Scala/Scala_exericse/CheetSheets/newProject.scala
2024.05.05 13:44:29 WARN  Could not find semantic tokens for: file:///G:/Scala/Scala_exericse/CheetSheets/newProject.scala
2024.05.05 13:44:30 WARN  Could not find semantic tokens for: file:///G:/Scala/Scala_exericse/CheetSheets/newProject.scala
2024.05.05 13:44:30 WARN  Could not find semantic tokens for: file:///G:/Scala/Scala_exericse/CheetSheets/newProject.scala
2024.05.05 13:44:30 WARN  Could not find semantic tokens for: file:///G:/Scala/Scala_exericse/CheetSheets/newProject.scala
2024.05.05 13:44:32 WARN  Could not find semantic tokens for: file:///G:/Scala/Scala_exericse/CheetSheets/newProject.scala
2024.05.05 13:44:33 WARN  Could not find semantic tokens for: file:///G:/Scala/Scala_exericse/CheetSheets/newProject.scala
2024.05.05 13:44:34 WARN  Could not find semantic tokens for: file:///G:/Scala/Scala_exericse/CheetSheets/newProject.scala
2024.05.05 13:44:34 WARN  Could not find semantic tokens for: file:///G:/Scala/Scala_exericse/CheetSheets/newProject.scala
2024.05.05 13:44:35 WARN  Could not find semantic tokens for: file:///G:/Scala/Scala_exericse/CheetSheets/newProject.scala
2024.05.05 13:44:35 WARN  Could not find semantic tokens for: file:///G:/Scala/Scala_exericse/CheetSheets/newProject.scala
2024.05.05 13:44:37 WARN  Could not find semantic tokens for: file:///G:/Scala/Scala_exericse/CheetSheets/newProject.scala
2024.05.05 13:44:46 WARN  Could not find semantic tokens for: file:///G:/Scala/Scala_exericse/CheetSheets/newProject.scala
2024.05.05 13:44:47 WARN  Could not find semantic tokens for: file:///G:/Scala/Scala_exericse/CheetSheets/newProject.scala
2024.05.05 13:44:48 WARN  Could not find semantic tokens for: file:///G:/Scala/Scala_exericse/CheetSheets/newProject.scala
2024.05.05 13:44:47 WARN  Could not find semantic tokens for: file:///G:/Scala/Scala_exericse/CheetSheets/newProject.scala
2024.05.05 13:44:48 WARN  Could not find semantic tokens for: file:///G:/Scala/Scala_exericse/CheetSheets/newProject.scala
2024.05.05 13:44:49 WARN  Could not find semantic tokens for: file:///G:/Scala/Scala_exericse/CheetSheets/newProject.scala
2024.05.05 13:44:50 WARN  Could not find semantic tokens for: file:///G:/Scala/Scala_exericse/CheetSheets/newProject.scala
2024.05.05 13:44:51 WARN  Could not find semantic tokens for: file:///G:/Scala/Scala_exericse/CheetSheets/newProject.scala
2024.05.05 13:44:51 WARN  Could not find semantic tokens for: file:///G:/Scala/Scala_exericse/CheetSheets/newProject.scala
2024.05.05 13:44:51 WARN  Could not find semantic tokens for: file:///G:/Scala/Scala_exericse/CheetSheets/newProject.scala
2024.05.05 13:44:52 WARN  Could not find semantic tokens for: file:///G:/Scala/Scala_exericse/CheetSheets/newProject.scala
2024.05.05 13:44:54 WARN  Could not find semantic tokens for: file:///G:/Scala/Scala_exericse/CheetSheets/newProject.scala
2024.05.05 13:44:55 WARN  Could not find semantic tokens for: file:///G:/Scala/Scala_exericse/CheetSheets/newProject.scala
2024.05.05 13:44:56 WARN  Could not find semantic tokens for: file:///G:/Scala/Scala_exericse/CheetSheets/newProject.scala
2024.05.05 13:44:56 WARN  Could not find semantic tokens for: file:///G:/Scala/Scala_exericse/CheetSheets/newProject.scala
2024.05.05 13:44:56 WARN  Could not find semantic tokens for: file:///G:/Scala/Scala_exericse/CheetSheets/newProject.scala
2024.05.05 13:44:57 WARN  Could not find semantic tokens for: file:///G:/Scala/Scala_exericse/CheetSheets/newProject.scala
2024.05.05 13:44:58 WARN  Could not find semantic tokens for: file:///G:/Scala/Scala_exericse/CheetSheets/newProject.scala
2024.05.05 13:45:03 WARN  Could not find semantic tokens for: file:///G:/Scala/Scala_exericse/CheetSheets/newProject.scala
2024.05.05 13:45:03 WARN  Could not find semantic tokens for: file:///G:/Scala/Scala_exericse/CheetSheets/newProject.scala
2024.05.05 13:45:03 WARN  Could not find semantic tokens for: file:///G:/Scala/Scala_exericse/CheetSheets/newProject.scala
2024.05.05 13:45:04 WARN  Could not find semantic tokens for: file:///G:/Scala/Scala_exericse/CheetSheets/newProject.scala
2024.05.05 13:45:05 WARN  Could not find semantic tokens for: file:///G:/Scala/Scala_exericse/CheetSheets/newProject.scala
2024.05.05 13:45:05 WARN  Could not find semantic tokens for: file:///G:/Scala/Scala_exericse/CheetSheets/newProject.scala
2024.05.05 13:45:06 WARN  Could not find semantic tokens for: file:///G:/Scala/Scala_exericse/CheetSheets/newProject.scala
2024.05.05 13:45:07 WARN  Could not find semantic tokens for: file:///G:/Scala/Scala_exericse/CheetSheets/newProject.scala
2024.05.05 13:45:09 WARN  Could not find semantic tokens for: file:///G:/Scala/Scala_exericse/CheetSheets/newProject.scala
2024.05.05 13:45:12 WARN  Could not find semantic tokens for: file:///G:/Scala/Scala_exericse/CheetSheets/newProject.scala
2024.05.05 13:45:14 WARN  Could not find semantic tokens for: file:///G:/Scala/Scala_exericse/CheetSheets/newProject.scala
2024.05.05 13:45:16 WARN  Could not find semantic tokens for: file:///G:/Scala/Scala_exericse/CheetSheets/newProject.scala
2024.05.05 13:45:16 WARN  Could not find semantic tokens for: file:///G:/Scala/Scala_exericse/CheetSheets/newProject.scala
2024.05.05 13:45:17 WARN  Could not find semantic tokens for: file:///G:/Scala/Scala_exericse/CheetSheets/newProject.scala
2024.05.05 13:45:17 WARN  Could not find semantic tokens for: file:///G:/Scala/Scala_exericse/CheetSheets/newProject.scala
2024.05.05 13:45:18 WARN  Could not find semantic tokens for: file:///G:/Scala/Scala_exericse/CheetSheets/newProject.scala
2024.05.05 13:45:18 WARN  Could not find semantic tokens for: file:///G:/Scala/Scala_exericse/CheetSheets/newProject.scala
2024.05.05 13:45:19 WARN  Could not find semantic tokens for: file:///G:/Scala/Scala_exericse/CheetSheets/newProject.scala
2024.05.05 13:45:19 WARN  Could not find semantic tokens for: file:///G:/Scala/Scala_exericse/CheetSheets/newProject.scala
2024.05.05 13:45:21 WARN  Could not find semantic tokens for: file:///G:/Scala/Scala_exericse/CheetSheets/newProject.scala
2024.05.05 13:45:22 WARN  Could not find semantic tokens for: file:///G:/Scala/Scala_exericse/CheetSheets/newProject.scala
2024.05.05 13:45:22 WARN  Could not find semantic tokens for: file:///G:/Scala/Scala_exericse/CheetSheets/newProject.scala
2024.05.05 13:45:23 WARN  Could not find semantic tokens for: file:///G:/Scala/Scala_exericse/CheetSheets/newProject.scala
2024.05.05 13:45:23 WARN  Could not find semantic tokens for: file:///G:/Scala/Scala_exericse/CheetSheets/newProject.scala
2024.05.05 13:45:24 WARN  Could not find semantic tokens for: file:///G:/Scala/Scala_exericse/CheetSheets/newProject.scala
2024.05.05 13:45:24 WARN  Could not find semantic tokens for: file:///G:/Scala/Scala_exericse/CheetSheets/newProject.scala
2024.05.05 13:45:24 WARN  Could not find semantic tokens for: file:///G:/Scala/Scala_exericse/CheetSheets/newProject.scala
2024.05.05 13:45:25 WARN  Could not find semantic tokens for: file:///G:/Scala/Scala_exericse/CheetSheets/newProject.scala
2024.05.05 13:45:26 WARN  Could not find semantic tokens for: file:///G:/Scala/Scala_exericse/CheetSheets/newProject.scala
2024.05.05 13:45:27 WARN  Could not find semantic tokens for: file:///G:/Scala/Scala_exericse/CheetSheets/newProject.scala
2024.05.05 13:45:27 WARN  Could not find semantic tokens for: file:///G:/Scala/Scala_exericse/CheetSheets/newProject.scala
2024.05.05 13:45:28 WARN  Could not find semantic tokens for: file:///G:/Scala/Scala_exericse/CheetSheets/newProject.scala
2024.05.05 13:45:28 WARN  Could not find semantic tokens for: file:///G:/Scala/Scala_exericse/CheetSheets/newProject.scala
2024.05.05 13:45:29 WARN  Could not find semantic tokens for: file:///G:/Scala/Scala_exericse/CheetSheets/newProject.scala
2024.05.05 13:45:29 WARN  Could not find semantic tokens for: file:///G:/Scala/Scala_exericse/CheetSheets/newProject.scala
2024.05.05 13:45:45 WARN  Could not find semantic tokens for: file:///G:/Scala/Scala_exericse/CheetSheets/newProject.scala
2024.05.05 13:45:45 WARN  Could not find semantic tokens for: file:///G:/Scala/Scala_exericse/CheetSheets/newProject.scala
May 05, 2024 1:45:49 PM org.eclipse.lsp4j.jsonrpc.RemoteEndpoint handleCancellation
WARNING: Unmatched cancel notification for request id 532
2024.05.05 13:45:49 WARN  Could not find semantic tokens for: file:///G:/Scala/Scala_exericse/CheetSheets/newProject.scala
2024.05.05 13:45:49 WARN  Could not find semantic tokens for: file:///G:/Scala/Scala_exericse/CheetSheets/newProject.scala
2024.05.05 13:45:49 WARN  Could not find semantic tokens for: file:///G:/Scala/Scala_exericse/CheetSheets/newProject.scala
2024.05.05 13:45:50 WARN  Could not find semantic tokens for: file:///G:/Scala/Scala_exericse/CheetSheets/newProject.scala
2024.05.05 13:45:50 WARN  Could not find semantic tokens for: file:///G:/Scala/Scala_exericse/CheetSheets/newProject.scala
2024.05.05 13:45:51 WARN  Could not find semantic tokens for: file:///G:/Scala/Scala_exericse/CheetSheets/newProject.scala
2024.05.05 13:45:51 WARN  Could not find semantic tokens for: file:///G:/Scala/Scala_exericse/CheetSheets/newProject.scala
2024.05.05 13:45:52 WARN  Could not find semantic tokens for: file:///G:/Scala/Scala_exericse/CheetSheets/newProject.scala
2024.05.05 13:45:52 WARN  Could not find semantic tokens for: file:///G:/Scala/Scala_exericse/CheetSheets/newProject.scala
2024.05.05 13:45:53 WARN  Could not find semantic tokens for: file:///G:/Scala/Scala_exericse/CheetSheets/newProject.scala
2024.05.05 13:45:53 WARN  Could not find semantic tokens for: file:///G:/Scala/Scala_exericse/CheetSheets/newProject.scala
2024.05.05 13:45:53 WARN  Could not find semantic tokens for: file:///G:/Scala/Scala_exericse/CheetSheets/newProject.scala
2024.05.05 13:45:54 WARN  Could not find semantic tokens for: file:///G:/Scala/Scala_exericse/CheetSheets/newProject.scala
2024.05.05 13:45:57 WARN  Could not find semantic tokens for: file:///G:/Scala/Scala_exericse/CheetSheets/newProject.scala
2024.05.05 13:45:57 WARN  Could not find semantic tokens for: file:///G:/Scala/Scala_exericse/CheetSheets/newProject.scala
2024.05.05 13:45:58 WARN  Could not find semantic tokens for: file:///G:/Scala/Scala_exericse/CheetSheets/newProject.scala
2024.05.05 13:45:58 WARN  Could not find semantic tokens for: file:///G:/Scala/Scala_exericse/CheetSheets/newProject.scala
2024.05.05 13:45:58 WARN  Could not find semantic tokens for: file:///G:/Scala/Scala_exericse/CheetSheets/newProject.scala
2024.05.05 13:45:59 WARN  Could not find semantic tokens for: file:///G:/Scala/Scala_exericse/CheetSheets/newProject.scala
2024.05.05 13:46:00 WARN  Could not find semantic tokens for: file:///G:/Scala/Scala_exericse/CheetSheets/newProject.scala
2024.05.05 13:46:00 WARN  Could not find semantic tokens for: file:///G:/Scala/Scala_exericse/CheetSheets/newProject.scala
May 05, 2024 1:46:01 PM org.eclipse.lsp4j.jsonrpc.RemoteEndpoint handleCancellation
WARNING: Unmatched cancel notification for request id 611
2024.05.05 13:46:01 WARN  Could not find semantic tokens for: file:///G:/Scala/Scala_exericse/CheetSheets/newProject.scala
2024.05.05 13:46:01 WARN  Could not find semantic tokens for: file:///G:/Scala/Scala_exericse/CheetSheets/newProject.scala
2024.05.05 13:46:02 WARN  Could not find semantic tokens for: file:///G:/Scala/Scala_exericse/CheetSheets/newProject.scala
2024.05.05 13:46:02 WARN  Could not find semantic tokens for: file:///G:/Scala/Scala_exericse/CheetSheets/newProject.scala
2024.05.05 13:46:03 WARN  Could not find semantic tokens for: file:///G:/Scala/Scala_exericse/CheetSheets/newProject.scala
2024.05.05 13:46:04 WARN  Could not find semantic tokens for: file:///G:/Scala/Scala_exericse/CheetSheets/newProject.scala
2024.05.05 13:46:06 WARN  Could not find semantic tokens for: file:///G:/Scala/Scala_exericse/CheetSheets/newProject.scala
2024.05.05 13:46:06 WARN  Could not find semantic tokens for: file:///G:/Scala/Scala_exericse/CheetSheets/newProject.scala
2024.05.05 13:46:06 WARN  Could not find semantic tokens for: file:///G:/Scala/Scala_exericse/CheetSheets/newProject.scala
2024.05.05 13:46:07 WARN  Could not find semantic tokens for: file:///G:/Scala/Scala_exericse/CheetSheets/newProject.scala
2024.05.05 13:46:07 WARN  Could not find semantic tokens for: file:///G:/Scala/Scala_exericse/CheetSheets/newProject.scala
2024.05.05 13:46:08 WARN  Could not find semantic tokens for: file:///G:/Scala/Scala_exericse/CheetSheets/newProject.scala
2024.05.05 13:46:08 WARN  Could not find semantic tokens for: file:///G:/Scala/Scala_exericse/CheetSheets/newProject.scala
2024.05.05 13:46:09 WARN  Could not find semantic tokens for: file:///G:/Scala/Scala_exericse/CheetSheets/newProject.scala
2024.05.05 13:46:09 WARN  Could not find semantic tokens for: file:///G:/Scala/Scala_exericse/CheetSheets/newProject.scala
2024.05.05 13:46:09 WARN  Could not find semantic tokens for: file:///G:/Scala/Scala_exericse/CheetSheets/newProject.scala
2024.05.05 13:46:10 WARN  Could not find semantic tokens for: file:///G:/Scala/Scala_exericse/CheetSheets/newProject.scala
2024.05.05 13:46:10 WARN  Could not find semantic tokens for: file:///G:/Scala/Scala_exericse/CheetSheets/newProject.scala
2024.05.05 13:46:13 WARN  Could not find semantic tokens for: file:///G:/Scala/Scala_exericse/CheetSheets/newProject.scala
2024.05.05 13:47:24 WARN  Could not find semantic tokens for: file:///G:/Scala/Scala_exericse/CheetSheets/newProject.scala
2024.05.05 13:47:25 WARN  Could not find semantic tokens for: file:///G:/Scala/Scala_exericse/CheetSheets/newProject.scala
2024.05.05 13:47:25 WARN  Could not find semantic tokens for: file:///G:/Scala/Scala_exericse/CheetSheets/newProject.scala
2024.05.05 13:47:26 WARN  Could not find semantic tokens for: file:///G:/Scala/Scala_exericse/CheetSheets/newProject.scala
2024.05.05 13:47:26 WARN  Could not find semantic tokens for: file:///G:/Scala/Scala_exericse/CheetSheets/newProject.scala
2024.05.05 13:47:27 WARN  Could not find semantic tokens for: file:///G:/Scala/Scala_exericse/CheetSheets/newProject.scala
2024.05.05 13:47:27 WARN  Could not find semantic tokens for: file:///G:/Scala/Scala_exericse/CheetSheets/newProject.scala
2024.05.05 13:47:28 WARN  Could not find semantic tokens for: file:///G:/Scala/Scala_exericse/CheetSheets/newProject.scala
2024.05.05 13:47:28 WARN  Could not find semantic tokens for: file:///G:/Scala/Scala_exericse/CheetSheets/newProject.scala
2024.05.05 13:47:29 WARN  Could not find semantic tokens for: file:///G:/Scala/Scala_exericse/CheetSheets/newProject.scala
2024.05.05 13:47:28 WARN  Could not find semantic tokens for: file:///G:/Scala/Scala_exericse/CheetSheets/newProject.scala
2024.05.05 13:47:29 WARN  Could not find semantic tokens for: file:///G:/Scala/Scala_exericse/CheetSheets/newProject.scala
2024.05.05 13:47:30 WARN  Could not find semantic tokens for: file:///G:/Scala/Scala_exericse/CheetSheets/newProject.scala
2024.05.05 13:47:30 WARN  Could not find semantic tokens for: file:///G:/Scala/Scala_exericse/CheetSheets/newProject.scala
2024.05.05 13:47:30 WARN  Could not find semantic tokens for: file:///G:/Scala/Scala_exericse/CheetSheets/newProject.scala
2024.05.05 13:47:31 WARN  Could not find semantic tokens for: file:///G:/Scala/Scala_exericse/CheetSheets/newProject.scala
2024.05.05 13:47:31 WARN  Could not find semantic tokens for: file:///G:/Scala/Scala_exericse/CheetSheets/newProject.scala
2024.05.05 13:47:32 WARN  Could not find semantic tokens for: file:///G:/Scala/Scala_exericse/CheetSheets/newProject.scala
2024.05.05 13:47:32 WARN  Could not find semantic tokens for: file:///G:/Scala/Scala_exericse/CheetSheets/newProject.scala
2024.05.05 13:47:32 WARN  Could not find semantic tokens for: file:///G:/Scala/Scala_exericse/CheetSheets/newProject.scala
2024.05.05 13:47:34 WARN  Could not find semantic tokens for: file:///G:/Scala/Scala_exericse/CheetSheets/newProject.scala
2024.05.05 13:47:35 WARN  Could not find semantic tokens for: file:///G:/Scala/Scala_exericse/CheetSheets/newProject.scala
2024.05.05 13:47:34 WARN  Could not find semantic tokens for: file:///G:/Scala/Scala_exericse/CheetSheets/newProject.scala
2024.05.05 13:47:35 WARN  Could not find semantic tokens for: file:///G:/Scala/Scala_exericse/CheetSheets/newProject.scala
2024.05.05 13:47:35 WARN  Could not find semantic tokens for: file:///G:/Scala/Scala_exericse/CheetSheets/newProject.scala
2024.05.05 13:47:36 WARN  Could not find semantic tokens for: file:///G:/Scala/Scala_exericse/CheetSheets/newProject.scala
2024.05.05 13:47:38 WARN  Could not find semantic tokens for: file:///G:/Scala/Scala_exericse/CheetSheets/newProject.scala
2024.05.05 13:47:38 WARN  Could not find semantic tokens for: file:///G:/Scala/Scala_exericse/CheetSheets/newProject.scala
2024.05.05 13:47:39 WARN  Could not find semantic tokens for: file:///G:/Scala/Scala_exericse/CheetSheets/newProject.scala
2024.05.05 13:47:43 WARN  Could not find semantic tokens for: file:///G:/Scala/Scala_exericse/CheetSheets/newProject.scala
2024.05.05 13:47:44 WARN  Could not find semantic tokens for: file:///G:/Scala/Scala_exericse/CheetSheets/newProject.scala
2024.05.05 13:47:44 WARN  Could not find semantic tokens for: file:///G:/Scala/Scala_exericse/CheetSheets/newProject.scala
2024.05.05 13:47:44 WARN  Could not find semantic tokens for: file:///G:/Scala/Scala_exericse/CheetSheets/newProject.scala
2024.05.05 13:47:45 WARN  Could not find semantic tokens for: file:///G:/Scala/Scala_exericse/CheetSheets/newProject.scala
2024.05.05 13:47:45 WARN  Could not find semantic tokens for: file:///G:/Scala/Scala_exericse/CheetSheets/newProject.scala
2024.05.05 13:47:45 WARN  Could not find semantic tokens for: file:///G:/Scala/Scala_exericse/CheetSheets/newProject.scala
2024.05.05 13:47:46 WARN  Could not find semantic tokens for: file:///G:/Scala/Scala_exericse/CheetSheets/newProject.scala
2024.05.05 13:47:46 WARN  Could not find semantic tokens for: file:///G:/Scala/Scala_exericse/CheetSheets/newProject.scala
2024.05.05 13:47:47 WARN  Could not find semantic tokens for: file:///G:/Scala/Scala_exericse/CheetSheets/newProject.scala
2024.05.05 13:47:48 WARN  Could not find semantic tokens for: file:///G:/Scala/Scala_exericse/CheetSheets/newProject.scala
2024.05.05 13:47:49 WARN  Could not find semantic tokens for: file:///G:/Scala/Scala_exericse/CheetSheets/newProject.scala
2024.05.05 13:47:49 WARN  Could not find semantic tokens for: file:///G:/Scala/Scala_exericse/CheetSheets/newProject.scala
2024.05.05 13:47:49 WARN  Could not find semantic tokens for: file:///G:/Scala/Scala_exericse/CheetSheets/newProject.scala
2024.05.05 13:47:51 WARN  Could not find semantic tokens for: file:///G:/Scala/Scala_exericse/CheetSheets/newProject.scala
2024.05.05 13:47:52 WARN  Could not find semantic tokens for: file:///G:/Scala/Scala_exericse/CheetSheets/newProject.scala
2024.05.05 13:47:52 WARN  Could not find semantic tokens for: file:///G:/Scala/Scala_exericse/CheetSheets/newProject.scala
2024.05.05 13:47:53 WARN  Could not find semantic tokens for: file:///G:/Scala/Scala_exericse/CheetSheets/newProject.scala
2024.05.05 13:47:54 WARN  Could not find semantic tokens for: file:///G:/Scala/Scala_exericse/CheetSheets/newProject.scala
2024.05.05 13:47:54 WARN  Could not find semantic tokens for: file:///G:/Scala/Scala_exericse/CheetSheets/newProject.scala
2024.05.05 13:48:08 WARN  Could not find semantic tokens for: file:///G:/Scala/Scala_exericse/CheetSheets/newProject.scala
2024.05.05 13:48:08 WARN  Could not find semantic tokens for: file:///G:/Scala/Scala_exericse/CheetSheets/newProject.scala
2024.05.05 13:48:09 WARN  Could not find semantic tokens for: file:///G:/Scala/Scala_exericse/CheetSheets/newProject.scala
2024.05.05 13:48:09 WARN  Could not find semantic tokens for: file:///G:/Scala/Scala_exericse/CheetSheets/newProject.scala
2024.05.05 13:48:10 WARN  Could not find semantic tokens for: file:///G:/Scala/Scala_exericse/CheetSheets/newProject.scala
2024.05.05 13:48:10 WARN  Could not find semantic tokens for: file:///G:/Scala/Scala_exericse/CheetSheets/newProject.scala
2024.05.05 13:48:10 WARN  Could not find semantic tokens for: file:///G:/Scala/Scala_exericse/CheetSheets/newProject.scala
2024.05.05 13:48:11 WARN  Could not find semantic tokens for: file:///G:/Scala/Scala_exericse/CheetSheets/newProject.scala
2024.05.05 13:48:11 WARN  Could not find semantic tokens for: file:///G:/Scala/Scala_exericse/CheetSheets/newProject.scala
2024.05.05 13:48:11 WARN  Could not find semantic tokens for: file:///G:/Scala/Scala_exericse/CheetSheets/newProject.scala
2024.05.05 13:48:12 WARN  Could not find semantic tokens for: file:///G:/Scala/Scala_exericse/CheetSheets/newProject.scala
2024.05.05 13:48:12 WARN  Could not find semantic tokens for: file:///G:/Scala/Scala_exericse/CheetSheets/newProject.scala
2024.05.05 13:48:12 WARN  Could not find semantic tokens for: file:///G:/Scala/Scala_exericse/CheetSheets/newProject.scala
2024.05.05 13:48:13 WARN  Could not find semantic tokens for: file:///G:/Scala/Scala_exericse/CheetSheets/newProject.scala
2024.05.05 13:48:14 WARN  Could not find semantic tokens for: file:///G:/Scala/Scala_exericse/CheetSheets/newProject.scala
2024.05.05 13:48:13 WARN  Could not find semantic tokens for: file:///G:/Scala/Scala_exericse/CheetSheets/newProject.scala
2024.05.05 13:48:14 WARN  Could not find semantic tokens for: file:///G:/Scala/Scala_exericse/CheetSheets/newProject.scala
2024.05.05 13:48:16 WARN  Could not find semantic tokens for: file:///G:/Scala/Scala_exericse/CheetSheets/newProject.scala
2024.05.05 13:48:18 WARN  Could not find semantic tokens for: file:///G:/Scala/Scala_exericse/CheetSheets/newProject.scala
2024.05.05 13:48:19 WARN  Could not find semantic tokens for: file:///G:/Scala/Scala_exericse/CheetSheets/newProject.scala
2024.05.05 13:48:19 WARN  Could not find semantic tokens for: file:///G:/Scala/Scala_exericse/CheetSheets/newProject.scala
2024.05.05 13:48:25 WARN  Could not find semantic tokens for: file:///G:/Scala/Scala_exericse/CheetSheets/newProject.scala
2024.05.05 13:48:25 WARN  Could not find semantic tokens for: file:///G:/Scala/Scala_exericse/CheetSheets/newProject.scala
2024.05.05 13:48:27 WARN  Could not find semantic tokens for: file:///G:/Scala/Scala_exericse/CheetSheets/newProject.scala
2024.05.05 13:48:28 WARN  Could not find semantic tokens for: file:///G:/Scala/Scala_exericse/CheetSheets/newProject.scala
2024.05.05 13:48:28 WARN  Could not find semantic tokens for: file:///G:/Scala/Scala_exericse/CheetSheets/newProject.scala
2024.05.05 13:48:29 WARN  Could not find semantic tokens for: file:///G:/Scala/Scala_exericse/CheetSheets/newProject.scala
2024.05.05 13:48:31 WARN  Could not find semantic tokens for: file:///G:/Scala/Scala_exericse/CheetSheets/newProject.scala
2024.05.05 13:48:32 WARN  Could not find semantic tokens for: file:///G:/Scala/Scala_exericse/CheetSheets/newProject.scala
2024.05.05 13:48:32 WARN  Could not find semantic tokens for: file:///G:/Scala/Scala_exericse/CheetSheets/newProject.scala
2024.05.05 13:48:33 WARN  Could not find semantic tokens for: file:///G:/Scala/Scala_exericse/CheetSheets/newProject.scala
2024.05.05 13:48:35 WARN  Could not find semantic tokens for: file:///G:/Scala/Scala_exericse/CheetSheets/newProject.scala
2024.05.05 13:48:35 WARN  Could not find semantic tokens for: file:///G:/Scala/Scala_exericse/CheetSheets/newProject.scala
2024.05.05 13:48:35 WARN  Could not find semantic tokens for: file:///G:/Scala/Scala_exericse/CheetSheets/newProject.scala
2024.05.05 13:48:36 WARN  Could not find semantic tokens for: file:///G:/Scala/Scala_exericse/CheetSheets/newProject.scala
2024.05.05 13:48:36 WARN  Could not find semantic tokens for: file:///G:/Scala/Scala_exericse/CheetSheets/newProject.scala
2024.05.05 13:48:37 WARN  Could not find semantic tokens for: file:///G:/Scala/Scala_exericse/CheetSheets/newProject.scala
2024.05.05 13:48:38 WARN  Could not find semantic tokens for: file:///G:/Scala/Scala_exericse/CheetSheets/newProject.scala
2024.05.05 13:48:39 WARN  Could not find semantic tokens for: file:///G:/Scala/Scala_exericse/CheetSheets/newProject.scala
2024.05.05 13:48:40 WARN  Could not find semantic tokens for: file:///G:/Scala/Scala_exericse/CheetSheets/newProject.scala
2024.05.05 13:48:40 WARN  Could not find semantic tokens for: file:///G:/Scala/Scala_exericse/CheetSheets/newProject.scala
2024.05.05 13:48:41 WARN  Could not find semantic tokens for: file:///G:/Scala/Scala_exericse/CheetSheets/newProject.scala
2024.05.05 13:48:42 WARN  Could not find semantic tokens for: file:///G:/Scala/Scala_exericse/CheetSheets/newProject.scala
2024.05.05 13:48:43 WARN  Could not find semantic tokens for: file:///G:/Scala/Scala_exericse/CheetSheets/newProject.scala
2024.05.05 13:48:43 WARN  Could not find semantic tokens for: file:///G:/Scala/Scala_exericse/CheetSheets/newProject.scala
2024.05.05 13:48:44 WARN  Could not find semantic tokens for: file:///G:/Scala/Scala_exericse/CheetSheets/newProject.scala
2024.05.05 13:48:45 WARN  Could not find semantic tokens for: file:///G:/Scala/Scala_exericse/CheetSheets/newProject.scala
2024.05.05 13:48:45 WARN  Could not find semantic tokens for: file:///G:/Scala/Scala_exericse/CheetSheets/newProject.scala
2024.05.05 13:48:46 WARN  Could not find semantic tokens for: file:///G:/Scala/Scala_exericse/CheetSheets/newProject.scala
2024.05.05 13:48:47 WARN  Could not find semantic tokens for: file:///G:/Scala/Scala_exericse/CheetSheets/newProject.scala
2024.05.05 13:48:47 WARN  Could not find semantic tokens for: file:///G:/Scala/Scala_exericse/CheetSheets/newProject.scala
2024.05.05 13:48:48 WARN  Could not find semantic tokens for: file:///G:/Scala/Scala_exericse/CheetSheets/newProject.scala
2024.05.05 13:48:48 WARN  Could not find semantic tokens for: file:///G:/Scala/Scala_exericse/CheetSheets/newProject.scala
2024.05.05 13:48:48 WARN  Could not find semantic tokens for: file:///G:/Scala/Scala_exericse/CheetSheets/newProject.scala
2024.05.05 13:48:49 WARN  Could not find semantic tokens for: file:///G:/Scala/Scala_exericse/CheetSheets/newProject.scala
2024.05.05 13:48:50 WARN  Could not find semantic tokens for: file:///G:/Scala/Scala_exericse/CheetSheets/newProject.scala
2024.05.05 13:48:52 WARN  Could not find semantic tokens for: file:///G:/Scala/Scala_exericse/CheetSheets/newProject.scala
2024.05.05 13:48:53 WARN  Could not find semantic tokens for: file:///G:/Scala/Scala_exericse/CheetSheets/newProject.scala
2024.05.05 13:48:54 WARN  Could not find semantic tokens for: file:///G:/Scala/Scala_exericse/CheetSheets/newProject.scala
2024.05.05 13:48:55 WARN  Could not find semantic tokens for: file:///G:/Scala/Scala_exericse/CheetSheets/newProject.scala
2024.05.05 13:48:55 WARN  Could not find semantic tokens for: file:///G:/Scala/Scala_exericse/CheetSheets/newProject.scala
2024.05.05 13:48:55 WARN  Could not find semantic tokens for: file:///G:/Scala/Scala_exericse/CheetSheets/newProject.scala
2024.05.05 13:48:56 WARN  Could not find semantic tokens for: file:///G:/Scala/Scala_exericse/CheetSheets/newProject.scala
2024.05.05 13:48:56 WARN  Could not find semantic tokens for: file:///G:/Scala/Scala_exericse/CheetSheets/newProject.scala
2024.05.05 13:48:58 WARN  Could not find semantic tokens for: file:///G:/Scala/Scala_exericse/CheetSheets/newProject.scala
2024.05.05 13:48:59 WARN  Could not find semantic tokens for: file:///G:/Scala/Scala_exericse/CheetSheets/newProject.scala
2024.05.05 13:48:59 WARN  Could not find semantic tokens for: file:///G:/Scala/Scala_exericse/CheetSheets/newProject.scala
2024.05.05 13:49:00 WARN  Could not find semantic tokens for: file:///G:/Scala/Scala_exericse/CheetSheets/newProject.scala
2024.05.05 13:49:00 WARN  Could not find semantic tokens for: file:///G:/Scala/Scala_exericse/CheetSheets/newProject.scala
2024.05.05 13:49:00 WARN  Could not find semantic tokens for: file:///G:/Scala/Scala_exericse/CheetSheets/newProject.scala
2024.05.05 13:49:01 WARN  Could not find semantic tokens for: file:///G:/Scala/Scala_exericse/CheetSheets/newProject.scala
2024.05.05 13:49:01 WARN  Could not find semantic tokens for: file:///G:/Scala/Scala_exericse/CheetSheets/newProject.scala
2024.05.05 13:49:01 WARN  Could not find semantic tokens for: file:///G:/Scala/Scala_exericse/CheetSheets/newProject.scala
2024.05.05 13:49:02 WARN  Could not find semantic tokens for: file:///G:/Scala/Scala_exericse/CheetSheets/newProject.scala
2024.05.05 13:49:02 WARN  Could not find semantic tokens for: file:///G:/Scala/Scala_exericse/CheetSheets/newProject.scala
2024.05.05 13:49:02 WARN  Could not find semantic tokens for: file:///G:/Scala/Scala_exericse/CheetSheets/newProject.scala
2024.05.05 13:49:03 WARN  Could not find semantic tokens for: file:///G:/Scala/Scala_exericse/CheetSheets/newProject.scala
2024.05.05 13:49:05 WARN  Could not find semantic tokens for: file:///G:/Scala/Scala_exericse/CheetSheets/newProject.scala
2024.05.05 13:49:05 WARN  Could not find semantic tokens for: file:///G:/Scala/Scala_exericse/CheetSheets/newProject.scala
2024.05.05 13:49:05 WARN  Could not find semantic tokens for: file:///G:/Scala/Scala_exericse/CheetSheets/newProject.scala
2024.05.05 13:49:06 WARN  Could not find semantic tokens for: file:///G:/Scala/Scala_exericse/CheetSheets/newProject.scala
2024.05.05 13:49:06 WARN  Could not find semantic tokens for: file:///G:/Scala/Scala_exericse/CheetSheets/newProject.scala
2024.05.05 13:49:06 WARN  Could not find semantic tokens for: file:///G:/Scala/Scala_exericse/CheetSheets/newProject.scala
2024.05.05 13:49:08 WARN  Could not find semantic tokens for: file:///G:/Scala/Scala_exericse/CheetSheets/newProject.scala
2024.05.05 13:49:10 WARN  Could not find semantic tokens for: file:///G:/Scala/Scala_exericse/CheetSheets/newProject.scala
2024.05.05 13:49:10 WARN  Could not find semantic tokens for: file:///G:/Scala/Scala_exericse/CheetSheets/newProject.scala
2024.05.05 13:49:11 WARN  Could not find semantic tokens for: file:///G:/Scala/Scala_exericse/CheetSheets/newProject.scala
2024.05.05 13:49:11 WARN  Could not find semantic tokens for: file:///G:/Scala/Scala_exericse/CheetSheets/newProject.scala
2024.05.05 13:49:11 WARN  Could not find semantic tokens for: file:///G:/Scala/Scala_exericse/CheetSheets/newProject.scala
2024.05.05 13:49:12 WARN  Could not find semantic tokens for: file:///G:/Scala/Scala_exericse/CheetSheets/newProject.scala
2024.05.05 13:49:13 WARN  Could not find semantic tokens for: file:///G:/Scala/Scala_exericse/CheetSheets/newProject.scala
2024.05.05 13:49:15 WARN  Could not find semantic tokens for: file:///G:/Scala/Scala_exericse/CheetSheets/newProject.scala
2024.05.05 13:49:16 WARN  Could not find semantic tokens for: file:///G:/Scala/Scala_exericse/CheetSheets/newProject.scala
2024.05.05 13:49:16 WARN  Could not find semantic tokens for: file:///G:/Scala/Scala_exericse/CheetSheets/newProject.scala
2024.05.05 13:49:16 WARN  Could not find semantic tokens for: file:///G:/Scala/Scala_exericse/CheetSheets/newProject.scala
2024.05.05 13:49:17 WARN  Could not find semantic tokens for: file:///G:/Scala/Scala_exericse/CheetSheets/newProject.scala
2024.05.05 13:49:17 WARN  Could not find semantic tokens for: file:///G:/Scala/Scala_exericse/CheetSheets/newProject.scala
2024.05.05 13:49:18 WARN  Could not find semantic tokens for: file:///G:/Scala/Scala_exericse/CheetSheets/newProject.scala
2024.05.05 13:49:18 WARN  Could not find semantic tokens for: file:///G:/Scala/Scala_exericse/CheetSheets/newProject.scala
2024.05.05 13:49:19 WARN  Could not find semantic tokens for: file:///G:/Scala/Scala_exericse/CheetSheets/newProject.scala
2024.05.05 13:49:19 WARN  Could not find semantic tokens for: file:///G:/Scala/Scala_exericse/CheetSheets/newProject.scala
2024.05.05 13:49:20 WARN  Could not find semantic tokens for: file:///G:/Scala/Scala_exericse/CheetSheets/newProject.scala
2024.05.05 13:49:21 WARN  Could not find semantic tokens for: file:///G:/Scala/Scala_exericse/CheetSheets/newProject.scala
2024.05.05 13:49:21 WARN  Could not find semantic tokens for: file:///G:/Scala/Scala_exericse/CheetSheets/newProject.scala
2024.05.05 13:49:22 WARN  Could not find semantic tokens for: file:///G:/Scala/Scala_exericse/CheetSheets/newProject.scala
2024.05.05 13:49:23 WARN  Could not find semantic tokens for: file:///G:/Scala/Scala_exericse/CheetSheets/newProject.scala
2024.05.05 13:49:24 WARN  Could not find semantic tokens for: file:///G:/Scala/Scala_exericse/CheetSheets/newProject.scala
2024.05.05 13:49:24 WARN  Could not find semantic tokens for: file:///G:/Scala/Scala_exericse/CheetSheets/newProject.scala
2024.05.05 13:49:29 WARN  Could not find semantic tokens for: file:///G:/Scala/Scala_exericse/CheetSheets/newProject.scala
2024.05.05 13:49:30 WARN  Could not find semantic tokens for: file:///G:/Scala/Scala_exericse/CheetSheets/newProject.scala
2024.05.05 13:49:33 WARN  Could not find semantic tokens for: file:///G:/Scala/Scala_exericse/CheetSheets/newProject.scala
2024.05.05 13:49:33 WARN  Could not find semantic tokens for: file:///G:/Scala/Scala_exericse/CheetSheets/newProject.scala
2024.05.05 13:49:34 WARN  Could not find semantic tokens for: file:///G:/Scala/Scala_exericse/CheetSheets/newProject.scala
2024.05.05 13:49:34 WARN  Could not find semantic tokens for: file:///G:/Scala/Scala_exericse/CheetSheets/newProject.scala
2024.05.05 13:49:35 WARN  Could not find semantic tokens for: file:///G:/Scala/Scala_exericse/CheetSheets/newProject.scala
2024.05.05 13:49:35 WARN  Could not find semantic tokens for: file:///G:/Scala/Scala_exericse/CheetSheets/newProject.scala
2024.05.05 13:49:36 WARN  Could not find semantic tokens for: file:///G:/Scala/Scala_exericse/CheetSheets/newProject.scala
2024.05.05 13:49:37 WARN  Could not find semantic tokens for: file:///G:/Scala/Scala_exericse/CheetSheets/newProject.scala
2024.05.05 13:49:38 WARN  Could not find semantic tokens for: file:///G:/Scala/Scala_exericse/CheetSheets/newProject.scala
2024.05.05 13:49:38 WARN  Could not find semantic tokens for: file:///G:/Scala/Scala_exericse/CheetSheets/newProject.scala
2024.05.05 13:49:38 WARN  Could not find semantic tokens for: file:///G:/Scala/Scala_exericse/CheetSheets/newProject.scala
2024.05.05 13:49:38 WARN  Could not find semantic tokens for: file:///G:/Scala/Scala_exericse/CheetSheets/newProject.scala
2024.05.05 13:49:39 WARN  Could not find semantic tokens for: file:///G:/Scala/Scala_exericse/CheetSheets/newProject.scala
2024.05.05 13:49:40 INFO  compiling cheetsheets_f4dd477a3a (1 scala source)
2024.05.05 13:49:40 INFO  time: compiled CheetSheets_f4dd477a3a in 75ms
2024.05.05 13:49:40 WARN  Could not find semantic tokens for: file:///G:/Scala/Scala_exericse/CheetSheets/newProject.scala
